0 info it worked if it ends with ok
1 verbose cli [ 'C:\\Program Files\\nodejs\\node.exe',
1 verbose cli   'C:\\Users\\Kyle\\AppData\\Roaming\\npm\\node_modules\\npm\\bin\\npm-cli.js',
1 verbose cli   'start' ]
2 info using npm@4.0.5
3 info using node@v7.3.0
4 verbose run-script [ 'prestart', 'start', 'poststart' ]
5 info lifecycle socialapp_server@1.0.0~prestart: socialapp_server@1.0.0
6 silly lifecycle socialapp_server@1.0.0~prestart: no script for prestart, continuing
7 info lifecycle socialapp_server@1.0.0~start: socialapp_server@1.0.0
8 verbose lifecycle socialapp_server@1.0.0~start: unsafe-perm in lifecycle true
9 verbose lifecycle socialapp_server@1.0.0~start: PATH: C:\Users\Kyle\AppData\Roaming\npm\node_modules\npm\bin\node-gyp-bin;C:\Users\Kyle\socialapp_server\node_modules\.bin;C:\Users\Kyle\AppData\Local\GitHub\PortableGit_d7effa1a4a322478cd29c826b52a0c118ad3db11\cmd;C:\Users\Kyle\AppData\Local\GitHub\PortableGit_d7effa1a4a322478cd29c826b52a0c118ad3db11\usr\bin;C:\Users\Kyle\AppData\Local\GitHub\PortableGit_d7effa1a4a322478cd29c826b52a0c118ad3db11\usr\share\git-tfs;C:\Users\Kyle\AppData\Local\Apps\2.0\MQE5OOWG.3D7\KEGG957T.XHA\gith..tion_317444273a93ac29_0003.0003_665ccbdbd3c2d8d4;C:\Users\Kyle\AppData\Local\GitHub\lfs-amd64_1.3.1;C:\ProgramData\Oracle\Java\javapath;C:\Program Files\Java\jdk1.8.0_102\bin;C:\Users\Kyle\AppData\Local\atom;C:\Program Files (x86)\GtkSharp\2.12\bin;C:\Program Files (x86)\Skype\Phone\;C:\TDM-GCC-64\bin;C:\Program Files\nodejs\;C:\Program Files\Git\cmd;C:\Program Files\Git\mingw64\bin;C:\Program Files\Git\usr\bin;C:\Users\Kyle\AppData\Local\Microsoft\WindowsApps;C:\Program Files (x86)\SSH Communications Security\SSH Secure Shell;C:\Users\Kyle\AppData\Local\atom\bin;C:\Windows\System32;C:\Users\Kyle\AppData\Local\Android\sdk\platform-tools;C:\Users\Kyle\AppData\Roaming\npm;C:\Program Files\Heroku\bin;C:\Program Files (x86)\MSBuild\14.0\bin\;C:\Program Files (x86)\Microsoft SDKs\Windows\v8.1A\bin\NETFX 4.5.1 Tools\x64;C:\Program Files (x86)\Microsoft SDKs\F#\4.0\Framework\v4.0\
10 verbose lifecycle socialapp_server@1.0.0~start: CWD: C:\Users\Kyle\socialapp_server
11 silly lifecycle socialapp_server@1.0.0~start: Args: [ '/d /s /c', 'node server.js' ]
12 silly lifecycle socialapp_server@1.0.0~start: Returned: code: 1  signal: null
13 info lifecycle socialapp_server@1.0.0~start: Failed to exec start script
14 verbose stack Error: socialapp_server@1.0.0 start: `node server.js`
14 verbose stack Exit status 1
14 verbose stack     at EventEmitter.<anonymous> (C:\Users\Kyle\AppData\Roaming\npm\node_modules\npm\lib\utils\lifecycle.js:279:16)
14 verbose stack     at emitTwo (events.js:106:13)
14 verbose stack     at EventEmitter.emit (events.js:191:7)
14 verbose stack     at ChildProcess.<anonymous> (C:\Users\Kyle\AppData\Roaming\npm\node_modules\npm\lib\utils\spawn.js:40:14)
14 verbose stack     at emitTwo (events.js:106:13)
14 verbose stack     at ChildProcess.emit (events.js:191:7)
14 verbose stack     at maybeClose (internal/child_process.js:885:16)
14 verbose stack     at Process.ChildProcess._handle.onexit (internal/child_process.js:226:5)
15 verbose pkgid socialapp_server@1.0.0
16 verbose cwd C:\Users\Kyle\socialapp_server
17 error Windows_NT 10.0.14393
18 error argv "C:\\Program Files\\nodejs\\node.exe" "C:\\Users\\Kyle\\AppData\\Roaming\\npm\\node_modules\\npm\\bin\\npm-cli.js" "start"
19 error node v7.3.0
20 error npm  v4.0.5
21 error code ELIFECYCLE
22 error socialapp_server@1.0.0 start: `node server.js`
22 error Exit status 1
23 error Failed at the socialapp_server@1.0.0 start script 'node server.js'.
23 error Make sure you have the latest version of node.js and npm installed.
23 error If you do, this is most likely a problem with the socialapp_server package,
23 error not with npm itself.
23 error Tell the author that this fails on your system:
23 error     node server.js
23 error You can get information on how to open an issue for this project with:
23 error     npm bugs socialapp_server
23 error Or if that isn't available, you can get their info via:
23 error     npm owner ls socialapp_server
23 error There is likely additional logging output above.
24 verbose exit [ 1, true ]
